


ARM Macro Assembler    Page 1 


    1 00000000 00000400 
                       Stack_Size
                               EQU              0x00000400
    2 00000000         
    3 00000000                 AREA             STACK, NOINIT, READWRITE, ALIGN
=4
    4 00000000         Stack_Mem
                               SPACE            Stack_Size
    5 00000400         __initial_sp
    6 00000400         
    7 00000400         
    8 00000400 00000400 
                       Heap_Size
                               EQU              0x00000400
    9 00000400                 AREA             HEAP, NOINIT, READWRITE, ALIGN=
4
   10 00000000         __heap_base
   11 00000000         Heap_Mem
                               SPACE            Heap_Size
   12 00000400         __heap_limit
   13 00000400         
   14 00000400         
   15 00000400         ; Vector Table Mapped to Address 0 at Reset
   16 00000400         
   17 00000400                 PRESERVE8
   18 00000400                 THUMB
   19 00000400         
   20 00000400                 AREA             RESET, DATA, READONLY
   21 00000000                 EXPORT           __Vectors
   22 00000000         
   23 00000000 00003FFC 
                       __Vectors
                               DCD              0x00003FFC
   24 00000004 00000000        DCD              Reset_Handler
   25 00000008 00000000        DCD              0
   26 0000000C 00000000        DCD              0
   27 00000010 00000000        DCD              0
   28 00000014 00000000        DCD              0
   29 00000018 00000000        DCD              0
   30 0000001C 00000000        DCD              0
   31 00000020 00000000        DCD              0
   32 00000024 00000000        DCD              0
   33 00000028 00000000        DCD              0
   34 0000002C 00000000        DCD              0
   35 00000030 00000000        DCD              0
   36 00000034 00000000        DCD              0
   37 00000038 00000000        DCD              0
   38 0000003C 00000000        DCD              0
   39 00000040         
   40 00000040         ; External Interrupts
   41 00000040         
   42 00000040 00000000        DCD              Timer_Handler
   43 00000044 00000000        DCD              UART_Handler
   44 00000048 00000000        DCD              GPIO7_Handler
   45 0000004C 00000000        DCD              GPIO6_Handler
   46 00000050 00000000        DCD              GPIO5_Handler
   47 00000054 00000000        DCD              GPIO4_Handler
   48 00000058 00000000        DCD              GPIO3_Handler
   49 0000005C 00000000        DCD              GPIO2_Handler



ARM Macro Assembler    Page 2 


   50 00000060 00000000        DCD              GPIO1_Handler
   51 00000064 00000000        DCD              GPIO0_Handler
   52 00000068 00000000        DCD              0
   53 0000006C 00000000        DCD              0
   54 00000070 00000000        DCD              0
   55 00000074 00000000        DCD              0
   56 00000078 00000000        DCD              0
   57 0000007C 00000000        DCD              0
   58 00000080         
   59 00000080                 AREA             |.text|, CODE, READONLY
   60 00000000         ;Reset Handler
   61 00000000         Reset_Handler
                               PROC
   62 00000000                 GLOBAL           Reset_Handler
   63 00000000                 ENTRY
   64 00000000                 IMPORT           __main
   65 00000000 4817            LDR              R0, =__main
   66 00000002 4700            BX               R0          ;Branch to __main
   67 00000004                 ENDP
   68 00000004         
   69 00000004         Timer_Handler
                               PROC
   70 00000004                 EXPORT           Timer_Handler
   71 00000004                 IMPORT           Timer_ISR
   72 00000004 B507            PUSH             {R0,R1,R2,LR}
   73 00000006 F7FF FFFE       BL               Timer_ISR
   74 0000000A BD07            POP              {R0,R1,R2,PC} ;return
   75 0000000C                 ENDP
   76 0000000C         
   77 0000000C         UART_Handler
                               PROC
   78 0000000C                 EXPORT           UART_Handler
   79 0000000C                 IMPORT           UART_ISR
   80 0000000C B507            PUSH             {R0,R1,R2,LR}
   81 0000000E F7FF FFFE       BL               UART_ISR
   82 00000012 BD07            POP              {R0,R1,R2,PC}
   83 00000014                 ENDP
   84 00000014         
   85 00000014         GPIO7_Handler
                               PROC
   86 00000014                 EXPORT           GPIO7_Handler
   87 00000014                 IMPORT           GPIO7_ISR
   88 00000014 B507            PUSH             {R0,R1,R2,LR}
   89 00000016 F7FF FFFE       BL               GPIO7_ISR
   90 0000001A BD07            POP              {R0,R1,R2,PC}
   91 0000001C                 ENDP
   92 0000001C         
   93 0000001C         GPIO6_Handler
                               PROC
   94 0000001C                 EXPORT           GPIO6_Handler
   95 0000001C                 IMPORT           GPIO6_ISR
   96 0000001C B507            PUSH             {R0,R1,R2,LR}
   97 0000001E F7FF FFFE       BL               GPIO6_ISR
   98 00000022 BD07            POP              {R0,R1,R2,PC}
   99 00000024                 ENDP
  100 00000024         
  101 00000024         GPIO5_Handler
                               PROC
  102 00000024                 EXPORT           GPIO5_Handler



ARM Macro Assembler    Page 3 


  103 00000024                 IMPORT           GPIO5_ISR
  104 00000024 B507            PUSH             {R0,R1,R2,LR}
  105 00000026 F7FF FFFE       BL               GPIO5_ISR
  106 0000002A BD07            POP              {R0,R1,R2,PC}
  107 0000002C                 ENDP
  108 0000002C         
  109 0000002C         GPIO4_Handler
                               PROC
  110 0000002C                 EXPORT           GPIO4_Handler
  111 0000002C                 IMPORT           GPIO4_ISR
  112 0000002C B507            PUSH             {R0,R1,R2,LR}
  113 0000002E F7FF FFFE       BL               GPIO4_ISR
  114 00000032 BD07            POP              {R0,R1,R2,PC}
  115 00000034                 ENDP
  116 00000034         
  117 00000034         GPIO3_Handler
                               PROC
  118 00000034                 EXPORT           GPIO3_Handler
  119 00000034                 IMPORT           GPIO3_ISR
  120 00000034 B507            PUSH             {R0,R1,R2,LR}
  121 00000036 F7FF FFFE       BL               GPIO3_ISR
  122 0000003A BD07            POP              {R0,R1,R2,PC}
  123 0000003C                 ENDP
  124 0000003C         
  125 0000003C         GPIO2_Handler
                               PROC
  126 0000003C                 EXPORT           GPIO2_Handler
  127 0000003C                 IMPORT           GPIO2_ISR
  128 0000003C B507            PUSH             {R0,R1,R2,LR}
  129 0000003E F7FF FFFE       BL               GPIO2_ISR
  130 00000042 BD07            POP              {R0,R1,R2,PC}
  131 00000044                 ENDP
  132 00000044         
  133 00000044         GPIO1_Handler
                               PROC
  134 00000044                 EXPORT           GPIO1_Handler
  135 00000044                 IMPORT           GPIO1_ISR
  136 00000044 B507            PUSH             {R0,R1,R2,LR}
  137 00000046 F7FF FFFE       BL               GPIO1_ISR
  138 0000004A BD07            POP              {R0,R1,R2,PC}
  139 0000004C                 ENDP
  140 0000004C         
  141 0000004C         GPIO0_Handler
                               PROC
  142 0000004C                 EXPORT           GPIO0_Handler
  143 0000004C                 IMPORT           GPIO0_ISR
  144 0000004C B507            PUSH             {R0,R1,R2,LR}
  145 0000004E F7FF FFFE       BL               GPIO0_ISR
  146 00000052 BD07            POP              {R0,R1,R2,PC}
  147 00000054                 ENDP
  148 00000054                 ALIGN            4           ; Align to a word b
                                                            oundary
  149 00000054         
  150 00000054         ; User Initial Stack & Heap
  151 00000054                 IF               :DEF:__MICROLIB
  156 00000054                 IMPORT           __use_two_region_memory
  157 00000054                 EXPORT           __user_initial_stackheap
  158 00000054         __user_initial_stackheap
  159 00000054         



ARM Macro Assembler    Page 4 


  160 00000054 4803            LDR              R0, =  Heap_Mem
  161 00000056 4904            LDR              R1, =(Stack_Mem + Stack_Size)
  162 00000058 4A04            LDR              R2, = (Heap_Mem +  Heap_Size)
  163 0000005A 4B05            LDR              R3, = Stack_Mem
  164 0000005C 4770            BX               LR
  165 0000005E         
  166 0000005E 00 00           ALIGN
  167 00000060         
  168 00000060                 ENDIF
  169 00000060         
  170 00000060                 END
              00000000 
              00000000 
              00000400 
              00000400 
              00000000 
Command Line: --debug --xref --diag_suppress=9931 --cpu=Cortex-M0 --apcs=interw
ork --depend=.\cm0dsasm.d -o.\cm0dsasm.o -I.\RTE\_Target_1 -IC:\Users\bobph\App
Data\Local\Arm\Packs\ARM\CMSIS\6.3.0\CMSIS\Core\Include -IC:\Users\bobph\AppDat
a\Local\Arm\Packs\ARM\Cortex_DFP\1.1.0\Device\ARMCM0\Include -IC:\Users\bobph\A
ppData\Local\Arm\Packs\ARM\Cortex_DFP\1.1.0\Device\ARM\ARMCM0\Include --predefi
ne="__EVAL SETA 1" --predefine="__UVISION_VERSION SETA 543" --predefine="ARMCM0
 SETA 1" --predefine="_RTE_ SETA 1" --list=.\cm0dsasm.lst Device\cm0dsasm.s



ARM Macro Assembler    Page 1 Alphabetic symbol ordering
Relocatable symbols

STACK 00000000

Symbol: STACK
   Definitions
      At line 3 in file Device\cm0dsasm.s
   Uses
      None
Comment: STACK unused
Stack_Mem 00000000

Symbol: Stack_Mem
   Definitions
      At line 4 in file Device\cm0dsasm.s
   Uses
      At line 161 in file Device\cm0dsasm.s
      At line 163 in file Device\cm0dsasm.s

__initial_sp 00000400

Symbol: __initial_sp
   Definitions
      At line 5 in file Device\cm0dsasm.s
   Uses
      None
Comment: __initial_sp unused
3 symbols



ARM Macro Assembler    Page 1 Alphabetic symbol ordering
Relocatable symbols

HEAP 00000000

Symbol: HEAP
   Definitions
      At line 9 in file Device\cm0dsasm.s
   Uses
      None
Comment: HEAP unused
Heap_Mem 00000000

Symbol: Heap_Mem
   Definitions
      At line 11 in file Device\cm0dsasm.s
   Uses
      At line 160 in file Device\cm0dsasm.s
      At line 162 in file Device\cm0dsasm.s

__heap_base 00000000

Symbol: __heap_base
   Definitions
      At line 10 in file Device\cm0dsasm.s
   Uses
      None
Comment: __heap_base unused
__heap_limit 00000400

Symbol: __heap_limit
   Definitions
      At line 12 in file Device\cm0dsasm.s
   Uses
      None
Comment: __heap_limit unused
4 symbols



ARM Macro Assembler    Page 1 Alphabetic symbol ordering
Relocatable symbols

RESET 00000000

Symbol: RESET
   Definitions
      At line 20 in file Device\cm0dsasm.s
   Uses
      None
Comment: RESET unused
__Vectors 00000000

Symbol: __Vectors
   Definitions
      At line 23 in file Device\cm0dsasm.s
   Uses
      At line 21 in file Device\cm0dsasm.s
Comment: __Vectors used once
2 symbols



ARM Macro Assembler    Page 1 Alphabetic symbol ordering
Relocatable symbols

.text 00000000

Symbol: .text
   Definitions
      At line 59 in file Device\cm0dsasm.s
   Uses
      None
Comment: .text unused
GPIO0_Handler 0000004C

Symbol: GPIO0_Handler
   Definitions
      At line 141 in file Device\cm0dsasm.s
   Uses
      At line 51 in file Device\cm0dsasm.s
      At line 142 in file Device\cm0dsasm.s

GPIO1_Handler 00000044

Symbol: GPIO1_Handler
   Definitions
      At line 133 in file Device\cm0dsasm.s
   Uses
      At line 50 in file Device\cm0dsasm.s
      At line 134 in file Device\cm0dsasm.s

GPIO2_Handler 0000003C

Symbol: GPIO2_Handler
   Definitions
      At line 125 in file Device\cm0dsasm.s
   Uses
      At line 49 in file Device\cm0dsasm.s
      At line 126 in file Device\cm0dsasm.s

GPIO3_Handler 00000034

Symbol: GPIO3_Handler
   Definitions
      At line 117 in file Device\cm0dsasm.s
   Uses
      At line 48 in file Device\cm0dsasm.s
      At line 118 in file Device\cm0dsasm.s

GPIO4_Handler 0000002C

Symbol: GPIO4_Handler
   Definitions
      At line 109 in file Device\cm0dsasm.s
   Uses
      At line 47 in file Device\cm0dsasm.s
      At line 110 in file Device\cm0dsasm.s

GPIO5_Handler 00000024

Symbol: GPIO5_Handler
   Definitions
      At line 101 in file Device\cm0dsasm.s
   Uses



ARM Macro Assembler    Page 2 Alphabetic symbol ordering
Relocatable symbols

      At line 46 in file Device\cm0dsasm.s
      At line 102 in file Device\cm0dsasm.s

GPIO6_Handler 0000001C

Symbol: GPIO6_Handler
   Definitions
      At line 93 in file Device\cm0dsasm.s
   Uses
      At line 45 in file Device\cm0dsasm.s
      At line 94 in file Device\cm0dsasm.s

GPIO7_Handler 00000014

Symbol: GPIO7_Handler
   Definitions
      At line 85 in file Device\cm0dsasm.s
   Uses
      At line 44 in file Device\cm0dsasm.s
      At line 86 in file Device\cm0dsasm.s

Reset_Handler 00000000

Symbol: Reset_Handler
   Definitions
      At line 61 in file Device\cm0dsasm.s
   Uses
      At line 24 in file Device\cm0dsasm.s
      At line 62 in file Device\cm0dsasm.s

Timer_Handler 00000004

Symbol: Timer_Handler
   Definitions
      At line 69 in file Device\cm0dsasm.s
   Uses
      At line 42 in file Device\cm0dsasm.s
      At line 70 in file Device\cm0dsasm.s

UART_Handler 0000000C

Symbol: UART_Handler
   Definitions
      At line 77 in file Device\cm0dsasm.s
   Uses
      At line 43 in file Device\cm0dsasm.s
      At line 78 in file Device\cm0dsasm.s

__user_initial_stackheap 00000054

Symbol: __user_initial_stackheap
   Definitions
      At line 158 in file Device\cm0dsasm.s
   Uses
      At line 157 in file Device\cm0dsasm.s
Comment: __user_initial_stackheap used once
13 symbols



ARM Macro Assembler    Page 1 Alphabetic symbol ordering
Absolute symbols

Heap_Size 00000400

Symbol: Heap_Size
   Definitions
      At line 8 in file Device\cm0dsasm.s
   Uses
      At line 11 in file Device\cm0dsasm.s
      At line 162 in file Device\cm0dsasm.s

Stack_Size 00000400

Symbol: Stack_Size
   Definitions
      At line 1 in file Device\cm0dsasm.s
   Uses
      At line 4 in file Device\cm0dsasm.s
      At line 161 in file Device\cm0dsasm.s

2 symbols



ARM Macro Assembler    Page 1 Alphabetic symbol ordering
External symbols

GPIO0_ISR 00000000

Symbol: GPIO0_ISR
   Definitions
      At line 143 in file Device\cm0dsasm.s
   Uses
      At line 145 in file Device\cm0dsasm.s
Comment: GPIO0_ISR used once
GPIO1_ISR 00000000

Symbol: GPIO1_ISR
   Definitions
      At line 135 in file Device\cm0dsasm.s
   Uses
      At line 137 in file Device\cm0dsasm.s
Comment: GPIO1_ISR used once
GPIO2_ISR 00000000

Symbol: GPIO2_ISR
   Definitions
      At line 127 in file Device\cm0dsasm.s
   Uses
      At line 129 in file Device\cm0dsasm.s
Comment: GPIO2_ISR used once
GPIO3_ISR 00000000

Symbol: GPIO3_ISR
   Definitions
      At line 119 in file Device\cm0dsasm.s
   Uses
      At line 121 in file Device\cm0dsasm.s
Comment: GPIO3_ISR used once
GPIO4_ISR 00000000

Symbol: GPIO4_ISR
   Definitions
      At line 111 in file Device\cm0dsasm.s
   Uses
      At line 113 in file Device\cm0dsasm.s
Comment: GPIO4_ISR used once
GPIO5_ISR 00000000

Symbol: GPIO5_ISR
   Definitions
      At line 103 in file Device\cm0dsasm.s
   Uses
      At line 105 in file Device\cm0dsasm.s
Comment: GPIO5_ISR used once
GPIO6_ISR 00000000

Symbol: GPIO6_ISR
   Definitions
      At line 95 in file Device\cm0dsasm.s
   Uses
      At line 97 in file Device\cm0dsasm.s
Comment: GPIO6_ISR used once
GPIO7_ISR 00000000

Symbol: GPIO7_ISR



ARM Macro Assembler    Page 2 Alphabetic symbol ordering
External symbols

   Definitions
      At line 87 in file Device\cm0dsasm.s
   Uses
      At line 89 in file Device\cm0dsasm.s
Comment: GPIO7_ISR used once
Timer_ISR 00000000

Symbol: Timer_ISR
   Definitions
      At line 71 in file Device\cm0dsasm.s
   Uses
      At line 73 in file Device\cm0dsasm.s
Comment: Timer_ISR used once
UART_ISR 00000000

Symbol: UART_ISR
   Definitions
      At line 79 in file Device\cm0dsasm.s
   Uses
      At line 81 in file Device\cm0dsasm.s
Comment: UART_ISR used once
__main 00000000

Symbol: __main
   Definitions
      At line 64 in file Device\cm0dsasm.s
   Uses
      At line 65 in file Device\cm0dsasm.s
Comment: __main used once
__use_two_region_memory 00000000

Symbol: __use_two_region_memory
   Definitions
      At line 156 in file Device\cm0dsasm.s
   Uses
      None
Comment: __use_two_region_memory unused
12 symbols
374 symbols in table
